0 info it worked if it ends with ok
1 verbose cli [ '/usr/bin/nodejs', '/usr/bin/npm', 'install' ]
2 info using npm@3.10.8
3 info using node@v6.9.1
4 silly loadCurrentTree Starting
5 silly install loadCurrentTree
6 silly install readLocalPackageData
7 silly install normalizeTree
8 silly loadCurrentTree Finishing
9 silly loadIdealTree Starting
10 silly install loadIdealTree
11 silly cloneCurrentTree Starting
12 silly install cloneCurrentTreeToIdealTree
13 silly cloneCurrentTree Finishing
14 silly loadShrinkwrap Starting
15 silly install loadShrinkwrap
16 silly loadShrinkwrap Finishing
17 silly loadAllDepsIntoIdealTree Starting
18 silly install loadAllDepsIntoIdealTree
19 silly fetchNamedPackageData express
20 silly mapToRegistry name express
21 silly mapToRegistry using default registry
22 silly mapToRegistry registry https://registry.npmjs.org/
23 silly mapToRegistry data Result {
23 silly mapToRegistry   raw: 'express',
23 silly mapToRegistry   scope: null,
23 silly mapToRegistry   escapedName: 'express',
23 silly mapToRegistry   name: 'express',
23 silly mapToRegistry   rawSpec: '',
23 silly mapToRegistry   spec: 'latest',
23 silly mapToRegistry   type: 'tag' }
24 silly mapToRegistry uri https://registry.npmjs.org/express
25 silly fetchNamedPackageData mongodb
26 silly mapToRegistry name mongodb
27 silly mapToRegistry using default registry
28 silly mapToRegistry registry https://registry.npmjs.org/
29 silly mapToRegistry data Result {
29 silly mapToRegistry   raw: 'mongodb',
29 silly mapToRegistry   scope: null,
29 silly mapToRegistry   escapedName: 'mongodb',
29 silly mapToRegistry   name: 'mongodb',
29 silly mapToRegistry   rawSpec: '',
29 silly mapToRegistry   spec: 'latest',
29 silly mapToRegistry   type: 'tag' }
30 silly mapToRegistry uri https://registry.npmjs.org/mongodb
31 verbose request uri https://registry.npmjs.org/express
32 verbose request no auth needed
33 info attempt registry request try #1 at 7:24:25 PM
34 verbose request id 9e2bf9e8718a6a58
35 verbose etag "7WPOCIUT1Y82FB437C2INTUTN"
36 http request GET https://registry.npmjs.org/express
37 verbose request uri https://registry.npmjs.org/mongodb
38 verbose request no auth needed
39 info attempt registry request try #1 at 7:24:25 PM
40 verbose etag "9UFSXR2J1489TCPHSURNFOVND"
41 http request GET https://registry.npmjs.org/mongodb
42 http 304 https://registry.npmjs.org/mongodb
43 verbose headers { date: 'Sun, 06 Nov 2016 02:24:29 GMT',
43 verbose headers   via: '1.1 varnish',
43 verbose headers   'cache-control': 'max-age=300',
43 verbose headers   etag: '"9UFSXR2J1489TCPHSURNFOVND"',
43 verbose headers   age: '0',
43 verbose headers   connection: 'keep-alive',
43 verbose headers   'x-served-by': 'cache-syd1624-SYD',
43 verbose headers   'x-cache': 'HIT',
43 verbose headers   'x-cache-hits': '1',
43 verbose headers   'x-timer': 'S1478399069.743500,VS0,VE922',
43 verbose headers   vary: 'Accept-Encoding' }
44 silly get cb [ 304,
44 silly get   { date: 'Sun, 06 Nov 2016 02:24:29 GMT',
44 silly get     via: '1.1 varnish',
44 silly get     'cache-control': 'max-age=300',
44 silly get     etag: '"9UFSXR2J1489TCPHSURNFOVND"',
44 silly get     age: '0',
44 silly get     connection: 'keep-alive',
44 silly get     'x-served-by': 'cache-syd1624-SYD',
44 silly get     'x-cache': 'HIT',
44 silly get     'x-cache-hits': '1',
44 silly get     'x-timer': 'S1478399069.743500,VS0,VE922',
44 silly get     vary: 'Accept-Encoding' } ]
45 verbose etag https://registry.npmjs.org/mongodb from cache
46 verbose get saving mongodb to /home/william/.npm/registry.npmjs.org/mongodb/.cache.json
47 verbose correctMkdir /home/william/.npm correctMkdir not in flight; initializing
48 silly fetchNamedPackageData No valid target from cache, forcing network
49 verbose request uri https://registry.npmjs.org/mongodb
50 verbose request no auth needed
51 info attempt registry request try #1 at 7:24:33 PM
52 http request GET https://registry.npmjs.org/mongodb
53 http 200 https://registry.npmjs.org/mongodb
54 verbose headers { server: 'CouchDB/1.5.0 (Erlang OTP/R16B03)',
54 verbose headers   etag: '"9UFSXR2J1489TCPHSURNFOVND"',
54 verbose headers   'content-type': 'application/json',
54 verbose headers   'content-encoding': 'gzip',
54 verbose headers   'cache-control': 'max-age=300',
54 verbose headers   'content-length': '49580',
54 verbose headers   'accept-ranges': 'bytes',
54 verbose headers   date: 'Sun, 06 Nov 2016 02:24:34 GMT',
54 verbose headers   via: '1.1 varnish',
54 verbose headers   age: '3',
54 verbose headers   connection: 'keep-alive',
54 verbose headers   'x-served-by': 'cache-syd1624-SYD',
54 verbose headers   'x-cache': 'HIT',
54 verbose headers   'x-cache-hits': '2',
54 verbose headers   'x-timer': 'S1478399074.108516,VS0,VE0',
54 verbose headers   vary: 'Accept-Encoding' }
55 silly get cb [ 200,
55 silly get   { server: 'CouchDB/1.5.0 (Erlang OTP/R16B03)',
55 silly get     etag: '"9UFSXR2J1489TCPHSURNFOVND"',
55 silly get     'content-type': 'application/json',
55 silly get     'content-encoding': 'gzip',
55 silly get     'cache-control': 'max-age=300',
55 silly get     'content-length': '49580',
55 silly get     'accept-ranges': 'bytes',
55 silly get     date: 'Sun, 06 Nov 2016 02:24:34 GMT',
55 silly get     via: '1.1 varnish',
55 silly get     age: '3',
55 silly get     connection: 'keep-alive',
55 silly get     'x-served-by': 'cache-syd1624-SYD',
55 silly get     'x-cache': 'HIT',
55 silly get     'x-cache-hits': '2',
55 silly get     'x-timer': 'S1478399074.108516,VS0,VE0',
55 silly get     vary: 'Accept-Encoding' } ]
56 verbose get saving mongodb to /home/william/.npm/registry.npmjs.org/mongodb/.cache.json
57 verbose correctMkdir /home/william/.npm correctMkdir not in flight; initializing
58 silly fetchPackageMetaData Error: No compatible version found: mongodb@3.2.10
58 silly fetchPackageMetaData Valid install targets:
58 silly fetchPackageMetaData 2.2.11, 2.2.10, 2.2.9, 2.2.8, 2.2.7, 2.2.6, 2.2.5, 2.2.4, 2.2.3, 2.2.2, 2.2.1, 2.2.0, 2.2.0-alpha2, 2.2.0-alpha1, 2.1.22-alpha4, 2.1.22-alpha3, 2.1.22-alpha2, 2.1.22-alpha, 2.1.21, 2.1.20, 2.1.19, 2.1.18, 2.1.17, 2.1.16, 2.1.15, 2.1.14, 2.1.13, 2.1.12, 2.1.11, 2.1.10, 2.1.9, 2.1.8, 2.1.7, 2.1.6, 2.1.5, 2.1.4, 2.1.3, 2.1.2, 2.1.1, 2.1.0, 2.1.0-rc1, 2.1.0-alpha, 2.0.55, 2.0.54, 2.0.53, 2.0.52, 2.0.51, 2.0.50, 2.0.49, 2.0.48, 2.0.47, 2.0.46, 2.0.45, 2.0.44, 2.0.43, 2.0.42, 2.0.41, 2.0.40, 2.0.39, 2.0.38, 2.0.37, 2.0.36, 2.0.35, 2.0.34, 2.0.33, 2.0.32, 2.0.31, 2.0.30, 2.0.29, 2.0.28, 2.0.27, 2.0.26, 2.0.25, 2.0.24, 2.0.23, 2.0.22, 2.0.21, 2.0.20, 2.0.19, 2.0.18, 2.0.17, 2.0.16, 2.0.15, 2.0.14, 2.0.13, 2.0.12, 2.0.11, 2.0.10, 2.0.9, 2.0.8, 2.0.7, 2.0.6, 2.0.5, 2.0.4, 2.0.3, 2.0.2, 2.0.1, 2.0.0, 2.0.0-alpha2, 2.0.0-alpha1, 1.4.40, 1.4.39, 1.4.38, 1.4.37, 1.4.36, 1.4.35, 1.4.34, 1.4.33, 1.4.32, 1.4.31, 1.4.30, 1.4.29, 1.4.28, 1.4.27, 1.4.26, 1.4.25, 1.4.24, 1.4.23, 1.4.22, 1.4.20, 1.4.19, 1.4.18, 1.4.17, 1.4.16, 1.4.15, 1.4.14, 1.4.12, 1.4.11, 1.4.10, 1.4.9, 1.4.8, 1.4.7, 1.4.6, 1.4.5, 1.4.4, 1.4.3, 1.4.2, 1.4.1, 1.4.0, 1.4.0-rc9, 1.4.0-rc8, 1.4.0-rc7, 1.4.0-rc6, 1.4.0-rc5, 1.4.0-rc4, 1.4.0-rc3, 1.4.0-rc2, 1.4.0-rc10, 1.3.23, 1.3.22, 1.3.21, 1.3.20, 1.3.19, 1.3.18, 1.3.17, 1.3.15, 1.3.14, 1.3.12, 1.3.11, 1.3.10, 1.3.9, 1.3.8, 1.3.7, 1.3.6, 1.3.5, 1.3.4, 1.3.3, 1.3.2, 1.3.1, 1.3.0, 1.2.14, 1.2.13, 1.2.12, 1.2.11, 1.2.10, 1.2.9, 1.2.8, 1.2.7, 1.2.6, 1.2.5, 1.2.4, 1.2.3, 1.2.2, 1.2.1, 1.2.0, 1.1.11, 1.1.10, 1.1.9, 1.1.8, 1.1.7, 1.1.6, 1.1.5, 1.1.4, 1.1.3, 1.1.2, 1.1.1, 1.1.0, 1.1.0-beta, 1.0.2, 1.0.1, 1.0.0, 0.9.9, 0.9.9-8, 0.9.9-7, 0.9.9-6, 0.9.9-5, 0.9.9-4, 0.9.9-3, 0.9.9-2, 0.9.9-1, 0.9.8, 0.9.8-7, 0.9.8-6, 0.9.8-5, 0.9.8-4, 0.9.8-3, 0.9.8-2, 0.9.8-1, 0.9.7, 0.9.7-3-5, 0.9.7-3-4, 0.9.7-3-3, 0.9.7-3-2, 0.9.7-3-1, 0.9.7-2-5, 0.9.7-2-4, 0.9.7-2-3, 0.9.7-2-2, 0.9.7-2-1, 0.9.7-3, 0.9.7-2, 0.9.7-1.4, 0.9.7-1.3, 0.9.7-1.2, 0.9.7-1.1, 0.9.7-1, 0.9.7-0, 0.9.6-23, 0.9.6-22, 0.9.6-21, 0.9.6-20, 0.9.6-19, 0.9.6-18, 0.9.6-17, 0.9.6-16, 0.9.6-15, 0.9.6-14, 0.9.6-13, 0.9.6-12, 0.9.6-11, 0.9.6-10, 0.9.6-9, 0.9.6-8, 0.9.6-7, 0.9.4, 0.9.4-4, 0.9.3, 0.9.2, 0.9.1
58 silly fetchPackageMetaData
58 silly fetchPackageMetaData     at pickVersionFromRegistryDocument (/usr/lib/node_modules/npm/lib/fetch-package-metadata.js:178:16)
58 silly fetchPackageMetaData     at /usr/lib/node_modules/npm/node_modules/iferr/index.js:13:50
58 silly fetchPackageMetaData     at /usr/lib/node_modules/npm/lib/utils/pulse-till-done.js:20:8
58 silly fetchPackageMetaData     at saved (/usr/lib/node_modules/npm/lib/cache/caching-client.js:174:7)
58 silly fetchPackageMetaData     at /usr/lib/node_modules/npm/node_modules/graceful-fs/polyfills.js:233:18
58 silly fetchPackageMetaData     at FSReqWrap.oncomplete (fs.js:123:15)
58 silly fetchPackageMetaData  error for mongodb@3.2.10 { Error: No compatible version found: mongodb@3.2.10
58 silly fetchPackageMetaData Valid install targets:
58 silly fetchPackageMetaData 2.2.11, 2.2.10, 2.2.9, 2.2.8, 2.2.7, 2.2.6, 2.2.5, 2.2.4, 2.2.3, 2.2.2, 2.2.1, 2.2.0, 2.2.0-alpha2, 2.2.0-alpha1, 2.1.22-alpha4, 2.1.22-alpha3, 2.1.22-alpha2, 2.1.22-alpha, 2.1.21, 2.1.20, 2.1.19, 2.1.18, 2.1.17, 2.1.16, 2.1.15, 2.1.14, 2.1.13, 2.1.12, 2.1.11, 2.1.10, 2.1.9, 2.1.8, 2.1.7, 2.1.6, 2.1.5, 2.1.4, 2.1.3, 2.1.2, 2.1.1, 2.1.0, 2.1.0-rc1, 2.1.0-alpha, 2.0.55, 2.0.54, 2.0.53, 2.0.52, 2.0.51, 2.0.50, 2.0.49, 2.0.48, 2.0.47, 2.0.46, 2.0.45, 2.0.44, 2.0.43, 2.0.42, 2.0.41, 2.0.40, 2.0.39, 2.0.38, 2.0.37, 2.0.36, 2.0.35, 2.0.34, 2.0.33, 2.0.32, 2.0.31, 2.0.30, 2.0.29, 2.0.28, 2.0.27, 2.0.26, 2.0.25, 2.0.24, 2.0.23, 2.0.22, 2.0.21, 2.0.20, 2.0.19, 2.0.18, 2.0.17, 2.0.16, 2.0.15, 2.0.14, 2.0.13, 2.0.12, 2.0.11, 2.0.10, 2.0.9, 2.0.8, 2.0.7, 2.0.6, 2.0.5, 2.0.4, 2.0.3, 2.0.2, 2.0.1, 2.0.0, 2.0.0-alpha2, 2.0.0-alpha1, 1.4.40, 1.4.39, 1.4.38, 1.4.37, 1.4.36, 1.4.35, 1.4.34, 1.4.33, 1.4.32, 1.4.31, 1.4.30, 1.4.29, 1.4.28, 1.4.27, 1.4.26, 1.4.25, 1.4.24, 1.4.23, 1.4.22, 1.4.20, 1.4.19, 1.4.18, 1.4.17, 1.4.16, 1.4.15, 1.4.14, 1.4.12, 1.4.11, 1.4.10, 1.4.9, 1.4.8, 1.4.7, 1.4.6, 1.4.5, 1.4.4, 1.4.3, 1.4.2, 1.4.1, 1.4.0, 1.4.0-rc9, 1.4.0-rc8, 1.4.0-rc7, 1.4.0-rc6, 1.4.0-rc5, 1.4.0-rc4, 1.4.0-rc3, 1.4.0-rc2, 1.4.0-rc10, 1.3.23, 1.3.22, 1.3.21, 1.3.20, 1.3.19, 1.3.18, 1.3.17, 1.3.15, 1.3.14, 1.3.12, 1.3.11, 1.3.10, 1.3.9, 1.3.8, 1.3.7, 1.3.6, 1.3.5, 1.3.4, 1.3.3, 1.3.2, 1.3.1, 1.3.0, 1.2.14, 1.2.13, 1.2.12, 1.2.11, 1.2.10, 1.2.9, 1.2.8, 1.2.7, 1.2.6, 1.2.5, 1.2.4, 1.2.3, 1.2.2, 1.2.1, 1.2.0, 1.1.11, 1.1.10, 1.1.9, 1.1.8, 1.1.7, 1.1.6, 1.1.5, 1.1.4, 1.1.3, 1.1.2, 1.1.1, 1.1.0, 1.1.0-beta, 1.0.2, 1.0.1, 1.0.0, 0.9.9, 0.9.9-8, 0.9.9-7, 0.9.9-6, 0.9.9-5, 0.9.9-4, 0.9.9-3, 0.9.9-2, 0.9.9-1, 0.9.8, 0.9.8-7, 0.9.8-6, 0.9.8-5, 0.9.8-4, 0.9.8-3, 0.9.8-2, 0.9.8-1, 0.9.7, 0.9.7-3-5, 0.9.7-3-4, 0.9.7-3-3, 0.9.7-3-2, 0.9.7-3-1, 0.9.7-2-5, 0.9.7-2-4, 0.9.7-2-3, 0.9.7-2-2, 0.9.7-2-1, 0.9.7-3, 0.9.7-2, 0.9.7-1.4, 0.9.7-1.3, 0.9.7-1.2, 0.9.7-1.1, 0.9.7-1, 0.9.7-0, 0.9.6-23, 0.9.6-22, 0.9.6-21, 0.9.6-20, 0.9.6-19, 0.9.6-18, 0.9.6-17, 0.9.6-16, 0.9.6-15, 0.9.6-14, 0.9.6-13, 0.9.6-12, 0.9.6-11, 0.9.6-10, 0.9.6-9, 0.9.6-8, 0.9.6-7, 0.9.4, 0.9.4-4, 0.9.3, 0.9.2, 0.9.1
58 silly fetchPackageMetaData
58 silly fetchPackageMetaData     at pickVersionFromRegistryDocument (/usr/lib/node_modules/npm/lib/fetch-package-metadata.js:178:16)
58 silly fetchPackageMetaData     at /usr/lib/node_modules/npm/node_modules/iferr/index.js:13:50
58 silly fetchPackageMetaData     at /usr/lib/node_modules/npm/lib/utils/pulse-till-done.js:20:8
58 silly fetchPackageMetaData     at saved (/usr/lib/node_modules/npm/lib/cache/caching-client.js:174:7)
58 silly fetchPackageMetaData     at /usr/lib/node_modules/npm/node_modules/graceful-fs/polyfills.js:233:18
58 silly fetchPackageMetaData     at FSReqWrap.oncomplete (fs.js:123:15) code: 'ETARGET' }
59 http 200 https://registry.npmjs.org/express
60 verbose headers { server: 'CouchDB/1.6.1 (Erlang OTP/R16B03)',
60 verbose headers   etag: '"4T2U6UDNJQFYEPUHB6EPTB8ZE"',
60 verbose headers   'content-type': 'application/json',
60 verbose headers   'content-encoding': 'gzip',
60 verbose headers   'cache-control': 'max-age=300',
60 verbose headers   'content-length': '56817',
60 verbose headers   'accept-ranges': 'bytes',
60 verbose headers   date: 'Sun, 06 Nov 2016 02:24:30 GMT',
60 verbose headers   via: '1.1 varnish',
60 verbose headers   age: '0',
60 verbose headers   connection: 'keep-alive',
60 verbose headers   'x-served-by': 'cache-syd1627-SYD',
60 verbose headers   'x-cache': 'HIT',
60 verbose headers   'x-cache-hits': '1',
60 verbose headers   'x-timer': 'S1478399069.743447,VS0,VE898',
60 verbose headers   vary: 'Accept-Encoding' }
61 silly get cb [ 200,
61 silly get   { server: 'CouchDB/1.6.1 (Erlang OTP/R16B03)',
61 silly get     etag: '"4T2U6UDNJQFYEPUHB6EPTB8ZE"',
61 silly get     'content-type': 'application/json',
61 silly get     'content-encoding': 'gzip',
61 silly get     'cache-control': 'max-age=300',
61 silly get     'content-length': '56817',
61 silly get     'accept-ranges': 'bytes',
61 silly get     date: 'Sun, 06 Nov 2016 02:24:30 GMT',
61 silly get     via: '1.1 varnish',
61 silly get     age: '0',
61 silly get     connection: 'keep-alive',
61 silly get     'x-served-by': 'cache-syd1627-SYD',
61 silly get     'x-cache': 'HIT',
61 silly get     'x-cache-hits': '1',
61 silly get     'x-timer': 'S1478399069.743447,VS0,VE898',
61 silly get     vary: 'Accept-Encoding' } ]
62 verbose get saving express to /home/william/.npm/registry.npmjs.org/express/.cache.json
63 verbose correctMkdir /home/william/.npm correctMkdir not in flight; initializing
64 silly resolveWithNewModule express@4.14.0 checking installable status
65 silly cache add args [ 'express@~4.14.0', null ]
66 verbose cache add spec express@~4.14.0
67 silly cache add parsed spec Result {
67 silly cache add   raw: 'express@~4.14.0',
67 silly cache add   scope: null,
67 silly cache add   escapedName: 'express',
67 silly cache add   name: 'express',
67 silly cache add   rawSpec: '~4.14.0',
67 silly cache add   spec: '>=4.14.0 <4.15.0',
67 silly cache add   type: 'range' }
68 silly addNamed express@>=4.14.0 <4.15.0
69 verbose addNamed ">=4.14.0 <4.15.0" is a valid semver range for express
70 silly addNameRange { name: 'express', range: '>=4.14.0 <4.15.0', hasData: false }
71 silly mapToRegistry name express
72 silly mapToRegistry using default registry
73 silly mapToRegistry registry https://registry.npmjs.org/
74 silly mapToRegistry data Result {
74 silly mapToRegistry   raw: 'express',
74 silly mapToRegistry   scope: null,
74 silly mapToRegistry   escapedName: 'express',
74 silly mapToRegistry   name: 'express',
74 silly mapToRegistry   rawSpec: '',
74 silly mapToRegistry   spec: 'latest',
74 silly mapToRegistry   type: 'tag' }
75 silly mapToRegistry uri https://registry.npmjs.org/express
76 verbose addNameRange registry:https://registry.npmjs.org/express not in flight; fetching
77 verbose get https://registry.npmjs.org/express not expired, no request
78 silly addNameRange number 2 { name: 'express', range: '>=4.14.0 <4.15.0', hasData: true }
79 silly addNameRange versions [ 'express',
79 silly addNameRange   [ '0.14.0',
79 silly addNameRange     '0.14.1',
79 silly addNameRange     '1.0.0',
79 silly addNameRange     '1.0.1',
79 silly addNameRange     '1.0.2',
79 silly addNameRange     '1.0.3',
79 silly addNameRange     '1.0.4',
79 silly addNameRange     '1.0.5',
79 silly addNameRange     '1.0.6',
79 silly addNameRange     '1.0.7',
79 silly addNameRange     '1.0.8',
79 silly addNameRange     '2.0.0',
79 silly addNameRange     '2.1.0',
79 silly addNameRange     '2.1.1',
79 silly addNameRange     '2.2.0',
79 silly addNameRange     '2.2.1',
79 silly addNameRange     '2.2.2',
79 silly addNameRange     '2.3.0',
79 silly addNameRange     '2.3.1',
79 silly addNameRange     '2.3.2',
79 silly addNameRange     '2.3.3',
79 silly addNameRange     '2.3.4',
79 silly addNameRange     '2.3.5',
79 silly addNameRange     '2.3.6',
79 silly addNameRange     '2.3.7',
79 silly addNameRange     '2.3.8',
79 silly addNameRange     '2.3.9',
79 silly addNameRange     '2.3.10',
79 silly addNameRange     '2.3.11',
79 silly addNameRange     '2.3.12',
79 silly addNameRange     '2.4.0',
79 silly addNameRange     '2.4.1',
79 silly addNameRange     '2.4.2',
79 silly addNameRange     '2.4.3',
79 silly addNameRange     '2.4.4',
79 silly addNameRange     '2.4.5',
79 silly addNameRange     '2.4.6',
79 silly addNameRange     '2.4.7',
79 silly addNameRange     '2.5.0',
79 silly addNameRange     '2.5.1',
79 silly addNameRange     '2.5.2',
79 silly addNameRange     '2.5.3',
79 silly addNameRange     '2.5.4',
79 silly addNameRange     '2.5.5',
79 silly addNameRange     '2.5.6',
79 silly addNameRange     '2.5.7',
79 silly addNameRange     '2.5.8',
79 silly addNameRange     '2.5.9',
79 silly addNameRange     '2.5.10',
79 silly addNameRange     '2.5.11',
79 silly addNameRange     '3.0.0',
79 silly addNameRange     '3.0.1',
79 silly addNameRange     '3.0.2',
79 silly addNameRange     '3.0.3',
79 silly addNameRange     '3.0.4',
79 silly addNameRange     '3.0.5',
79 silly addNameRange     '3.0.6',
79 silly addNameRange     '3.1.0',
79 silly addNameRange     '3.1.1',
79 silly addNameRange     '3.1.2',
79 silly addNameRange     '3.2.0',
79 silly addNameRange     '3.2.1',
79 silly addNameRange     '3.2.2',
79 silly addNameRange     '3.2.3',
79 silly addNameRange     '3.2.4',
79 silly addNameRange     '3.2.5',
79 silly addNameRange     '3.2.6',
79 silly addNameRange     '3.3.0',
79 silly addNameRange     '3.3.1',
79 silly addNameRange     '3.3.2',
79 silly addNameRange     '3.3.3',
79 silly addNameRange     '3.3.4',
79 silly addNameRange     '3.3.5',
79 silly addNameRange     '3.3.6',
79 silly addNameRange     '1.0.0-beta',
79 silly addNameRange     '1.0.0-beta2',
79 silly addNameRange     '1.0.0-rc',
79 silly addNameRange     '1.0.0-rc2',
79 silly addNameRange     '1.0.0-rc3',
79 silly addNameRange     '1.0.0-rc4',
79 silly addNameRange     '2.0.0-beta',
79 silly addNameRange     '2.0.0-beta2',
79 silly addNameRange     '2.0.0-beta3',
79 silly addNameRange     '2.0.0-rc',
79 silly addNameRange     '2.0.0-rc2',
79 silly addNameRange     '2.0.0-rc3',
79 silly addNameRange     '3.0.0-alpha1',
79 silly addNameRange     '3.0.0-alpha2',
79 silly addNameRange     '3.0.0-alpha3',
79 silly addNameRange     '3.0.0-alpha4',
79 silly addNameRange     '3.0.0-alpha5',
79 silly addNameRange     '3.0.0-beta1',
79 silly addNameRange     '3.0.0-beta2',
79 silly addNameRange     '3.0.0-beta3',
79 silly addNameRange     '3.0.0-beta4',
79 silly addNameRange     '3.0.0-beta6',
79 silly addNameRange     '3.0.0-beta7',
79 silly addNameRange     '3.0.0-rc1',
79 silly addNameRange     '3.0.0-rc2',
79 silly addNameRange     '3.0.0-rc3',
79 silly addNameRange     ... 144 more items ] ]
80 silly addNamed express@4.14.0
81 verbose addNamed "4.14.0" is a plain semver version for express
82 silly cache afterAdd express@4.14.0
83 verbose afterAdd /home/william/.npm/express/4.14.0/package/package.json not in flight; writing
84 verbose correctMkdir /home/william/.npm correctMkdir not in flight; initializing
85 verbose afterAdd /home/william/.npm/express/4.14.0/package/package.json written
86 silly rollbackFailedOptional Starting
87 silly rollbackFailedOptional Finishing
88 silly runTopLevelLifecycles Finishing
89 silly install printInstalled
90 verbose stack Error: No compatible version found: mongodb@3.2.10
90 verbose stack Valid install targets:
90 verbose stack 2.2.11, 2.2.10, 2.2.9, 2.2.8, 2.2.7, 2.2.6, 2.2.5, 2.2.4, 2.2.3, 2.2.2, 2.2.1, 2.2.0, 2.2.0-alpha2, 2.2.0-alpha1, 2.1.22-alpha4, 2.1.22-alpha3, 2.1.22-alpha2, 2.1.22-alpha, 2.1.21, 2.1.20, 2.1.19, 2.1.18, 2.1.17, 2.1.16, 2.1.15, 2.1.14, 2.1.13, 2.1.12, 2.1.11, 2.1.10, 2.1.9, 2.1.8, 2.1.7, 2.1.6, 2.1.5, 2.1.4, 2.1.3, 2.1.2, 2.1.1, 2.1.0, 2.1.0-rc1, 2.1.0-alpha, 2.0.55, 2.0.54, 2.0.53, 2.0.52, 2.0.51, 2.0.50, 2.0.49, 2.0.48, 2.0.47, 2.0.46, 2.0.45, 2.0.44, 2.0.43, 2.0.42, 2.0.41, 2.0.40, 2.0.39, 2.0.38, 2.0.37, 2.0.36, 2.0.35, 2.0.34, 2.0.33, 2.0.32, 2.0.31, 2.0.30, 2.0.29, 2.0.28, 2.0.27, 2.0.26, 2.0.25, 2.0.24, 2.0.23, 2.0.22, 2.0.21, 2.0.20, 2.0.19, 2.0.18, 2.0.17, 2.0.16, 2.0.15, 2.0.14, 2.0.13, 2.0.12, 2.0.11, 2.0.10, 2.0.9, 2.0.8, 2.0.7, 2.0.6, 2.0.5, 2.0.4, 2.0.3, 2.0.2, 2.0.1, 2.0.0, 2.0.0-alpha2, 2.0.0-alpha1, 1.4.40, 1.4.39, 1.4.38, 1.4.37, 1.4.36, 1.4.35, 1.4.34, 1.4.33, 1.4.32, 1.4.31, 1.4.30, 1.4.29, 1.4.28, 1.4.27, 1.4.26, 1.4.25, 1.4.24, 1.4.23, 1.4.22, 1.4.20, 1.4.19, 1.4.18, 1.4.17, 1.4.16, 1.4.15, 1.4.14, 1.4.12, 1.4.11, 1.4.10, 1.4.9, 1.4.8, 1.4.7, 1.4.6, 1.4.5, 1.4.4, 1.4.3, 1.4.2, 1.4.1, 1.4.0, 1.4.0-rc9, 1.4.0-rc8, 1.4.0-rc7, 1.4.0-rc6, 1.4.0-rc5, 1.4.0-rc4, 1.4.0-rc3, 1.4.0-rc2, 1.4.0-rc10, 1.3.23, 1.3.22, 1.3.21, 1.3.20, 1.3.19, 1.3.18, 1.3.17, 1.3.15, 1.3.14, 1.3.12, 1.3.11, 1.3.10, 1.3.9, 1.3.8, 1.3.7, 1.3.6, 1.3.5, 1.3.4, 1.3.3, 1.3.2, 1.3.1, 1.3.0, 1.2.14, 1.2.13, 1.2.12, 1.2.11, 1.2.10, 1.2.9, 1.2.8, 1.2.7, 1.2.6, 1.2.5, 1.2.4, 1.2.3, 1.2.2, 1.2.1, 1.2.0, 1.1.11, 1.1.10, 1.1.9, 1.1.8, 1.1.7, 1.1.6, 1.1.5, 1.1.4, 1.1.3, 1.1.2, 1.1.1, 1.1.0, 1.1.0-beta, 1.0.2, 1.0.1, 1.0.0, 0.9.9, 0.9.9-8, 0.9.9-7, 0.9.9-6, 0.9.9-5, 0.9.9-4, 0.9.9-3, 0.9.9-2, 0.9.9-1, 0.9.8, 0.9.8-7, 0.9.8-6, 0.9.8-5, 0.9.8-4, 0.9.8-3, 0.9.8-2, 0.9.8-1, 0.9.7, 0.9.7-3-5, 0.9.7-3-4, 0.9.7-3-3, 0.9.7-3-2, 0.9.7-3-1, 0.9.7-2-5, 0.9.7-2-4, 0.9.7-2-3, 0.9.7-2-2, 0.9.7-2-1, 0.9.7-3, 0.9.7-2, 0.9.7-1.4, 0.9.7-1.3, 0.9.7-1.2, 0.9.7-1.1, 0.9.7-1, 0.9.7-0, 0.9.6-23, 0.9.6-22, 0.9.6-21, 0.9.6-20, 0.9.6-19, 0.9.6-18, 0.9.6-17, 0.9.6-16, 0.9.6-15, 0.9.6-14, 0.9.6-13, 0.9.6-12, 0.9.6-11, 0.9.6-10, 0.9.6-9, 0.9.6-8, 0.9.6-7, 0.9.4, 0.9.4-4, 0.9.3, 0.9.2, 0.9.1
90 verbose stack
90 verbose stack     at pickVersionFromRegistryDocument (/usr/lib/node_modules/npm/lib/fetch-package-metadata.js:178:16)
90 verbose stack     at /usr/lib/node_modules/npm/node_modules/iferr/index.js:13:50
90 verbose stack     at /usr/lib/node_modules/npm/lib/utils/pulse-till-done.js:20:8
90 verbose stack     at saved (/usr/lib/node_modules/npm/lib/cache/caching-client.js:174:7)
90 verbose stack     at /usr/lib/node_modules/npm/node_modules/graceful-fs/polyfills.js:233:18
90 verbose stack     at FSReqWrap.oncomplete (fs.js:123:15)
91 verbose cwd /home/william/HPB
92 error Linux 4.4.0-45-generic
93 error argv "/usr/bin/nodejs" "/usr/bin/npm" "install"
94 error node v6.9.1
95 error npm  v3.10.8
96 error code ETARGET
97 error notarget No compatible version found: mongodb@3.2.10
97 error notarget Valid install targets:
97 error notarget 2.2.11, 2.2.10, 2.2.9, 2.2.8, 2.2.7, 2.2.6, 2.2.5, 2.2.4, 2.2.3, 2.2.2, 2.2.1, 2.2.0, 2.2.0-alpha2, 2.2.0-alpha1, 2.1.22-alpha4, 2.1.22-alpha3, 2.1.22-alpha2, 2.1.22-alpha, 2.1.21, 2.1.20, 2.1.19, 2.1.18, 2.1.17, 2.1.16, 2.1.15, 2.1.14, 2.1.13, 2.1.12, 2.1.11, 2.1.10, 2.1.9, 2.1.8, 2.1.7, 2.1.6, 2.1.5, 2.1.4, 2.1.3, 2.1.2, 2.1.1, 2.1.0, 2.1.0-rc1, 2.1.0-alpha, 2.0.55, 2.0.54, 2.0.53, 2.0.52, 2.0.51, 2.0.50, 2.0.49, 2.0.48, 2.0.47, 2.0.46, 2.0.45, 2.0.44, 2.0.43, 2.0.42, 2.0.41, 2.0.40, 2.0.39, 2.0.38, 2.0.37, 2.0.36, 2.0.35, 2.0.34, 2.0.33, 2.0.32, 2.0.31, 2.0.30, 2.0.29, 2.0.28, 2.0.27, 2.0.26, 2.0.25, 2.0.24, 2.0.23, 2.0.22, 2.0.21, 2.0.20, 2.0.19, 2.0.18, 2.0.17, 2.0.16, 2.0.15, 2.0.14, 2.0.13, 2.0.12, 2.0.11, 2.0.10, 2.0.9, 2.0.8, 2.0.7, 2.0.6, 2.0.5, 2.0.4, 2.0.3, 2.0.2, 2.0.1, 2.0.0, 2.0.0-alpha2, 2.0.0-alpha1, 1.4.40, 1.4.39, 1.4.38, 1.4.37, 1.4.36, 1.4.35, 1.4.34, 1.4.33, 1.4.32, 1.4.31, 1.4.30, 1.4.29, 1.4.28, 1.4.27, 1.4.26, 1.4.25, 1.4.24, 1.4.23, 1.4.22, 1.4.20, 1.4.19, 1.4.18, 1.4.17, 1.4.16, 1.4.15, 1.4.14, 1.4.12, 1.4.11, 1.4.10, 1.4.9, 1.4.8, 1.4.7, 1.4.6, 1.4.5, 1.4.4, 1.4.3, 1.4.2, 1.4.1, 1.4.0, 1.4.0-rc9, 1.4.0-rc8, 1.4.0-rc7, 1.4.0-rc6, 1.4.0-rc5, 1.4.0-rc4, 1.4.0-rc3, 1.4.0-rc2, 1.4.0-rc10, 1.3.23, 1.3.22, 1.3.21, 1.3.20, 1.3.19, 1.3.18, 1.3.17, 1.3.15, 1.3.14, 1.3.12, 1.3.11, 1.3.10, 1.3.9, 1.3.8, 1.3.7, 1.3.6, 1.3.5, 1.3.4, 1.3.3, 1.3.2, 1.3.1, 1.3.0, 1.2.14, 1.2.13, 1.2.12, 1.2.11, 1.2.10, 1.2.9, 1.2.8, 1.2.7, 1.2.6, 1.2.5, 1.2.4, 1.2.3, 1.2.2, 1.2.1, 1.2.0, 1.1.11, 1.1.10, 1.1.9, 1.1.8, 1.1.7, 1.1.6, 1.1.5, 1.1.4, 1.1.3, 1.1.2, 1.1.1, 1.1.0, 1.1.0-beta, 1.0.2, 1.0.1, 1.0.0, 0.9.9, 0.9.9-8, 0.9.9-7, 0.9.9-6, 0.9.9-5, 0.9.9-4, 0.9.9-3, 0.9.9-2, 0.9.9-1, 0.9.8, 0.9.8-7, 0.9.8-6, 0.9.8-5, 0.9.8-4, 0.9.8-3, 0.9.8-2, 0.9.8-1, 0.9.7, 0.9.7-3-5, 0.9.7-3-4, 0.9.7-3-3, 0.9.7-3-2, 0.9.7-3-1, 0.9.7-2-5, 0.9.7-2-4, 0.9.7-2-3, 0.9.7-2-2, 0.9.7-2-1, 0.9.7-3, 0.9.7-2, 0.9.7-1.4, 0.9.7-1.3, 0.9.7-1.2, 0.9.7-1.1, 0.9.7-1, 0.9.7-0, 0.9.6-23, 0.9.6-22, 0.9.6-21, 0.9.6-20, 0.9.6-19, 0.9.6-18, 0.9.6-17, 0.9.6-16, 0.9.6-15, 0.9.6-14, 0.9.6-13, 0.9.6-12, 0.9.6-11, 0.9.6-10, 0.9.6-9, 0.9.6-8, 0.9.6-7, 0.9.4, 0.9.4-4, 0.9.3, 0.9.2, 0.9.1
98 error notarget This is most likely not a problem with npm itself.
98 error notarget In most cases you or one of your dependencies are requesting
98 error notarget a package version that doesn't exist.
98 error notarget
98 error notarget It was specified as a dependency of 'HPB'
99 verbose exit [ 1, true ]
